C51 COMPILER V9.01   MAIN                                                                  05/16/2019 10:18:55 PAGE 1   


C51 COMPILER V9.01, COMPILATION OF MODULE MAIN
OBJECT MODULE PLACED IN main.OBJ
COMPILER INVOKED BY: E:\Keil\C51\BIN\C51.EXE main.c BROWSE DEBUG OBJECTEXTEND

line level    source

   1          #include <reg52.h>
   2          typedef unsigned int u16;
   3          typedef unsigned char u8;
   4          unsigned char buffer[]={'w','w','w','.','n','u','c','.','e','d','u','.','c','n','\n'}; 
   5          
   6          unsigned char i = 0,flage=0;
   7          
   8          void delay_long() //延时子程序
   9          {
  10   1              unsigned char i,j,k,x;
  11   1              for(x=10;x>0;x--)
  12   1              for(i=20;i>0;i--)
  13   1              for(j=20;j>0;j--)
  14   1              for(k=248;k>0;k--);
  15   1      }
  16          void delay(u16 i) //延时子程序
  17          {
  18   1              int s = i * 10000;
  19   1              while(s --);
  20   1      }
  21          void main (void)
  22          {
  23   1              SCON = 0x50;
  24   1              TMOD |= 0x20;
  25   1              TH1 = 0xF3;
  26   1              TL1 = 0xF3;
  27   1              PCON = 0x80;
  28   1      
  29   1              //TH1 = 0xFD;
  30   1              TR1 = 1;
  31   1              EA = 1;
  32   1              ES = 1;
  33   1              while(1)
  34   1              {
  35   2                      delay_long();
  36   2                      for(i=0;i<15;i++)
  37   2                      {       
  38   3                              if(flage) SBUF=buffer[i];
  39   3                              delay(1);
  40   3                              flage=1;
  41   3                      }
  42   2              }
  43   1      }
  44          void UART_SER (void) interrupt 4
  45          {
  46   1              
  47   1              if(RI)
  48   1              {
  49   2                      RI=0;
  50   2              }
  51   1              if(TI)
  52   1              {
  53   2                      TI = 0;
  54   2                      flage=0;
  55   2              }
C51 COMPILER V9.01   MAIN                                                                  05/16/2019 10:18:55 PAGE 2   

  56   1      }


MODULE INFORMATION:   STATIC OVERLAYABLE
   CODE SIZE        =    109    ----
   CONSTANT SIZE    =   ----    ----
   XDATA SIZE       =   ----    ----
   PDATA SIZE       =   ----    ----
   DATA SIZE        =     17    ----
   IDATA SIZE       =   ----    ----
   BIT SIZE         =   ----    ----
END OF MODULE INFORMATION.


C51 COMPILATION COMPLETE.  0 WARNING(S),  0 ERROR(S)
