C51 COMPILER V9.01   A                                                                     05/15/2019 22:07:48 PAGE 1   


C51 COMPILER V9.01, COMPILATION OF MODULE A
OBJECT MODULE PLACED IN A.OBJ
COMPILER INVOKED BY: E:\Keil\C51\BIN\C51.EXE A.c BROWSE DEBUG OBJECTEXTEND

line level    source

   1          # include "SST89x5x4.h"
*** WARNING C318 IN LINE 1 OF A.c: can't open file 'SST89x5x4.h'
   2          # include "Intrins.h"
   3          
   4          void delay()
   5          {
   6   1              unsigned int x;
   7   1              for(x=0;x<0xFFFF;x++);
   8   1      }
   9          
  10          void int0_isr() interrupt 0
  11          {
  12   1              unsigned char j;
  13   1              for(j = 0; j < 4; j++)
  14   1              {
  15   2                      P1 = 0xFF;
*** ERROR C202 IN LINE 15 OF A.C: 'P1': undefined identifier
  16   2                      delay();
  17   2                      P1 = 0x00;
*** ERROR C202 IN LINE 17 OF A.C: 'P1': undefined identifier
  18   2                      delay
  19   2              }
*** ERROR C141 IN LINE 19 OF A.C: syntax error near '}'
  20   1      }
  21          void int2_isr() interrupt 2
  22          {
  23   1              unsigned char i=0x03, j;
  24   1              for(j = 0; j < 16; j++)
  25   1              {
  26   2                      P1 = i;
*** ERROR C202 IN LINE 26 OF A.C: 'P1': undefined identifier
  27   2                      i = _corl_(i, 2);
  28   2                      delay();
  29   2              }
  30   1              P1 = 0x00;
  31   1      }
  32          
  33          void main()
  34          {
  35   1              P1 = 0x00;
  36   1              IT0 = 1;
  37   1              EX0 = 1;
  38   1              IT1 = 1;
  39   1              EX1 = 1;
  40   1              EA = 1;
  41   1              while(1);
  42   1      }
  43          

C51 COMPILATION COMPLETE.  1 WARNING(S),  4 ERROR(S)
