C51 COMPILER V9.01   MAIN                                                                  05/16/2019 19:15:29 PAGE 1   


C51 COMPILER V9.01, COMPILATION OF MODULE MAIN
OBJECT MODULE PLACED IN main.OBJ
COMPILER INVOKED BY: E:\Keil\C51\BIN\C51.EXE main.c BROWSE DEBUG OBJECTEXTEND

line level    source

   1          /**************************************************************************************
   2          *                             LCD1602液晶显示实验                                                                                                 *
   3          实现现象：下载程序后插上LCD1602液晶在开发板上，即可显示
   4          注意事项：如果不想让点阵模块显示，可以将74HC595模块上的JP595短接片拔掉。                                                                                                                                                                  
   5          ***************************************************************************************/
   6          
   7          #include "reg52.h"                       //此文件中定义了单片机的一些特殊功能寄存器
   8          #include "lcd.h"
   9          
  10          typedef unsigned int u16;         //对数据类型进行声明定义
  11          typedef unsigned char u8;
  12          
  13          u8 count, k1Num;
  14          char hour, min, second;
  15          u8 date[]="  2019-5-16";
  16          // u8 time[]="   23:59:50";
  17          u8 time[]="   00:00:00";
  18          
  19          void write_time(u8 add, u8 date)
  20          {
  21   1              u8 m, n;
  22   1              m = date / 10;  //取出date的十位和个位
  23   1              n = date % 10;
  24   1              LcdWriteCom(add + 0x80 + 0x40);
  25   1              LcdWriteData(0x30 + m);
  26   1              LcdWriteData(0x30 + n);
  27   1      
  28   1      }
  29          
  30          
  31          
  32          void delay(uint z)
  33          {
  34   1              u16 x, y;
  35   1              for (x = z; x > 0; x --)
  36   1                      for (y = 110; y > 0; y --);
  37   1      }
  38          
  39          
  40          
  41          void keyScan()
  42          {
  43   1              rd = 0;
  44   1              if (k1 == 0)
  45   1              {
  46   2                      delay(5);
  47   2                      if (k1 == 0)
  48   2                      {
  49   3                              k1Num ++;
  50   3                              while(!k1);  //等待松手
  51   3                              if (k1Num == 1)
  52   3                              {
  53   4                                      TR0 = 0;        //计时停止
  54   4                                      LcdWriteCom(0x80 + 0x40 + 10); //设置光标位置在 秒
  55   4                                      LcdWriteCom(0x0f);        // 光标闪烁
C51 COMPILER V9.01   MAIN                                                                  05/16/2019 19:15:29 PAGE 2   

  56   4                              }
  57   3                              if (k1Num == 2)
  58   3                              {
  59   4                                      TR0 = 0;        //计时停止
  60   4                                      LcdWriteCom(0x80 + 0x40 + 7); //设置光标位置在 分 
  61   4                                      LcdWriteCom(0x0f);        // 光标闪烁
  62   4                              }
  63   3                              if (k1Num == 3)
  64   3                              {
  65   4                                      TR0 = 0;        //计时停止
  66   4                                      LcdWriteCom(0x80 + 0x40 + 4); //设置光标位置在 时
  67   4                                      LcdWriteCom(0x0f);        // 光标闪烁
  68   4                              }
  69   3                              if (k1Num == 4)
  70   3                              {
  71   4                                      LcdWriteCom(0x0c);        // 光标不闪烁
  72   4                                      k1Num = 0;
  73   4                                      TR0 = 1;        //计时停止
  74   4                              }
  75   3                              
  76   3                      }
  77   2              }
  78   1              
  79   1              if (k1Num != 0)  // 表示重置键已经按下(光标闪烁)
  80   1              {
  81   2                      if (k2 == 0)
  82   2                      {
  83   3                              delay(5);
  84   3                              if (k2 == 0)
  85   3                              {
  86   4                                      while(!k2);     //等待松手
  87   4                                      if (k1Num == 1) //说明光标在秒的位置
  88   4                                      {
  89   5                                              second ++;
  90   5                                              if (second == 60) second = 0;
  91   5                                              write_time(9, second);                    // 刷新时间
  92   5                                              LcdWriteCom(0x80 + 0x40 + 10);   //重置光标的位置
  93   5                                      }
  94   4                                      if (k1Num == 2) //说明光标在分的位置
  95   4                                      {
  96   5                                              min ++;
  97   5                                              if (min == 60) min = 0;
  98   5                                              write_time(6, min);
  99   5                                              LcdWriteCom(0x80 + 0x40 + 7);
 100   5                                      }
 101   4                                      if (k1Num == 3) //说明光标在时的位置
 102   4                                      {
 103   5                                              hour ++;
 104   5                                              if (hour == 24) hour = 0;
 105   5                                              write_time(3, hour);
 106   5                                              LcdWriteCom(0x80 + 0x40 + 4);
 107   5                                      }
 108   4                              }
 109   3                      }
 110   2                      if (k3 == 0)
 111   2                      {
 112   3                              delay(5);
 113   3                              if (k3 == 0)
 114   3                              {
 115   4                                      while(!k3);     //等待松手
 116   4                                      if (k1Num == 1) //说明光标在秒的位置
 117   4                                      {
C51 COMPILER V9.01   MAIN                                                                  05/16/2019 19:15:29 PAGE 3   

 118   5                                              second --;
 119   5                                              if (second < 0) second = 59;
 120   5                                              write_time(9, second);                    // 刷新时间
 121   5                                              LcdWriteCom(0x80 + 0x40 + 10);    //重置光标的位置
 122   5                                                       
 123   5                                      }
 124   4                                      if (k1Num == 2) //说明光标在分的位置
 125   4                                      {
 126   5                                              min --;
 127   5                                              if (min < 0) min = 59;
 128   5                                              write_time(6, min);
 129   5                                              LcdWriteCom(0x80 + 0x40 + 7);
 130   5                                      }
 131   4                                      if (k1Num == 3) //说明光标在时的位置
 132   4                                      {
 133   5                                              hour --;
 134   5                                              if (hour < 0) hour = 23;
 135   5                                              write_time(3, hour);
 136   5                                              LcdWriteCom(0x80 + 0x40 + 4);
 137   5                                      }
 138   4                              }
 139   3                      }
 140   2              }
 141   1      }
 142          
 143          
 144          
 145          
 146          
 147          
 148          void main(void)
 149          {
 150   1              u16 i;
 151   1              LcdInit();
 152   1              for(i = 0; i < 11; i ++)
 153   1              {
 154   2                      LcdWriteData(date[i]);  
 155   2              }
 156   1              LcdWriteCom(0x40+0x80);
 157   1              for (i = 0; i < 11; i ++)
 158   1              {
 159   2                      LcdWriteData(time[i]);
 160   2              }
 161   1              TMOD = 0x01;
 162   1              TH0 = (65526 - 50000) / 256;
 163   1              TL0 = (65526 - 50000) % 256;
 164   1              EA = 1;
 165   1              ET0 = 1;
 166   1              TR0 = 1;
 167   1      
 168   1              //hour = 23;
 169   1              //min = 59;
 170   1              //second = 50;
 171   1              
 172   1              while(1)
 173   1              {
 174   2                      keyScan();
 175   2                      
 176   2              }                               
 177   1      }
 178          
 179          
C51 COMPILER V9.01   MAIN                                                                  05/16/2019 19:15:29 PAGE 4   

 180          
 181          void timer0() interrupt 1
 182          {
 183   1              TH0 = (65526 - 50000) / 256;
 184   1              TL0 = (65526 - 50000) % 256;
 185   1              count ++;
 186   1              if (count == 20)
 187   1                      {
 188   2                       count = 0;
 189   2                       second ++;
 190   2                       if (second == 60)
 191   2                       {
 192   3                              second = 0;
 193   3                              min ++;
 194   3                              if (min == 60)
 195   3                              {
 196   4                                      min = 0;
 197   4                                      hour ++;
 198   4                                      if (hour == 24)
 199   4                                      {
 200   5                                              hour = 0;
 201   5                                      }
 202   4                                      write_time(3, hour);
 203   4                              }
 204   3                              write_time(6, min);
 205   3                       }
 206   2                       write_time(9, second);
 207   2                       
 208   2                      }
 209   1      }


MODULE INFORMATION:   STATIC OVERLAYABLE
   CODE SIZE        =    567    ----
   CONSTANT SIZE    =   ----    ----
   XDATA SIZE       =   ----    ----
   PDATA SIZE       =   ----    ----
   DATA SIZE        =     29       4
   IDATA SIZE       =   ----    ----
   BIT SIZE         =   ----    ----
END OF MODULE INFORMATION.


C51 COMPILATION COMPLETE.  0 WARNING(S),  0 ERROR(S)
