C51 COMPILER V9.01   MAIN                                                                  05/17/2019 10:37:57 PAGE 1   


C51 COMPILER V9.01, COMPILATION OF MODULE MAIN
OBJECT MODULE PLACED IN main.OBJ
COMPILER INVOKED BY: E:\Keil\C51\BIN\C51.EXE main.c BROWSE DEBUG OBJECTEXTEND

line level    source

   1          #include "reg52.h"                       //此文件中定义了单片机的一些特殊功能寄存器
   2          
   3          typedef unsigned int u16;         //对数据类型进行声明定义
   4          typedef unsigned char u8;
   5          
   6          sbit led=P2^0;   //定义P20口是led
   7          
   8          
   9          void Timer0Init()
  10          {
  11   1              TMOD|=0X01;//选择为定时器0模式，工作方式1，仅用TR0打开启动。
  12   1      
  13   1              TH0=0XFC;       //给定时器赋初值，定时1ms
  14   1              TL0=0X18;       
  15   1              ET0=1;//打开定时器0中断允许
  16   1              EA=1;//打开总中断
  17   1              TR0=1;//打开定时器                      
  18   1      }
  19          
  20          
  21          void main()
  22          {       
  23   1              Timer0Init();  //定时器0初始化
  24   1              while(1);               
  25   1      }
  26          
  27          
  28          void Timer0() interrupt 1
  29          {
  30   1              static u16 i;
  31   1              TH0=0XFC;       //给定时器赋初值，定时1ms
  32   1              TL0=0X18;
  33   1              i++;
  34   1              if(i==1000)
  35   1              {
  36   2                      i=0;
  37   2                      led=~led;       
  38   2              }       
  39   1      }


MODULE INFORMATION:   STATIC OVERLAYABLE
   CODE SIZE        =     60    ----
   CONSTANT SIZE    =   ----    ----
   XDATA SIZE       =   ----    ----
   PDATA SIZE       =   ----    ----
   DATA SIZE        =      2    ----
   IDATA SIZE       =   ----    ----
   BIT SIZE         =   ----    ----
END OF MODULE INFORMATION.


C51 COMPILATION COMPLETE.  0 WARNING(S),  0 ERROR(S)
