C51 COMPILER V9.01   PART2                                                                 05/17/2019 10:38:10 PAGE 1   


C51 COMPILER V9.01, COMPILATION OF MODULE PART2
OBJECT MODULE PLACED IN part2.OBJ
COMPILER INVOKED BY: E:\Keil\C51\BIN\C51.EXE part2.c BROWSE DEBUG OBJECTEXTEND

line level    source

   1          #include "reg52.h"                       //此文件中定义了单片机的一些特殊功能寄存器
   2          
   3          typedef unsigned int u16;         //对数据类型进行声明定义
   4          typedef unsigned char u8;
   5          sbit led0 = P2^0;
   6          
   7          sbit k1 = P3^0;
   8          
   9          
  10          void delay(u16 i)
  11          {
  12   1              while(i --);
  13   1      }
  14          
  15          
  16          void main()
  17          {
  18   1              while(1)
  19   1              {
  20   2                      if(k1 == 0)
  21   2                      {
  22   3                              delay(1000);
  23   3                              if (k1 == 0)
  24   3                              {
  25   4                                      led0 =~ led0;
  26   4                              }
  27   3                              while(!k1);
  28   3                      } 
  29   2              }       
  30   1      }


MODULE INFORMATION:   STATIC OVERLAYABLE
   CODE SIZE        =     31    ----
   CONSTANT SIZE    =   ----    ----
   XDATA SIZE       =   ----    ----
   PDATA SIZE       =   ----    ----
   DATA SIZE        =   ----    ----
   IDATA SIZE       =   ----    ----
   BIT SIZE         =   ----    ----
END OF MODULE INFORMATION.


C51 COMPILATION COMPLETE.  0 WARNING(S),  0 ERROR(S)
