C51 COMPILER V9.01   MAIN                                                                  05/17/2019 11:53:43 PAGE 1   


C51 COMPILER V9.01, COMPILATION OF MODULE MAIN
OBJECT MODULE PLACED IN main.OBJ
COMPILER INVOKED BY: E:\Keil\C51\BIN\C51.EXE main.c BROWSE DEBUG OBJECTEXTEND

line level    source

   1          #include "reg52.h"                       //此文件中定义了单片机的一些特殊功能寄存器
   2          
   3          typedef unsigned int u16;         //对数据类型进行声明定义
   4          typedef unsigned char u8;
   5          
   6          
   7          u16 led;
   8          
   9          void delay(u16 i)
  10          {
  11   1              while(i --);
  12   1      }
  13          
  14          
  15          void Timer0Init()
  16          {
  17   1              TMOD|=0X01;//选择为定时器0模式，工作方式1，仅用TR0打开启动。
  18   1      
  19   1              TH0=0XFC;       //给定时器赋初值，定时1ms
  20   1              TL0=0X18;       
  21   1              ET0=1;//打开定时器0中断允许
  22   1              EA=1;//打开总中断
  23   1              TR0=1;//打开定时器                      
  24   1      }
  25          
  26          
  27          void main()
  28          {
  29   1              Timer0Init();
  30   1              while(1);
  31   1      }
  32          
  33          
  34          void Timer0() interrupt 1
  35          {
  36   1              static u16 i;
  37   1              TH0 = 0xfc;
  38   1              TL0 = 0x18;
  39   1              i ++;
  40   1              if (i == 500)
  41   1              {
  42   2                      i = 0;
  43   2                      led --;
  44   2                      P2 = led; 
  45   2                      if (led == 0) led = 0xff;
  46   2              }
  47   1              
  48   1              
  49   1      }


MODULE INFORMATION:   STATIC OVERLAYABLE
   CODE SIZE        =     91    ----
   CONSTANT SIZE    =   ----    ----
   XDATA SIZE       =   ----    ----
C51 COMPILER V9.01   MAIN                                                                  05/17/2019 11:53:43 PAGE 2   

   PDATA SIZE       =   ----    ----
   DATA SIZE        =      4    ----
   IDATA SIZE       =   ----    ----
   BIT SIZE         =   ----    ----
END OF MODULE INFORMATION.


C51 COMPILATION COMPLETE.  0 WARNING(S),  0 ERROR(S)
